-------------------------------
Fetch BMC Information Script   
-------------------------------

Complete get FRU information
Complete get WebUI SEL HEX
Complete get WebUI SEL
Complete get sensor list
Complete get network setting
Complete get MC information
Complete get System information
Complete get PSU information
Complete get interface [System] information
Complete get interface [Processor] information
Complete get interface [Memory] information
Complete get interface [Baseboard] information
Complete get interface [Power] information
Complete get interface [Thermal] information
Complete get interface [PCIE Function] information
Complete get interface [Storage] information
Completed!
Session Result:   % Total    % Received % Xferd  Average Speed   Time    Time     Time  Current
                                 Dload  Upload   Total   Spent    Left  Speed
  0     0    0     0    0     0      0      0 --:--:-- --:--:-- --:--:--     0curl: (6) Could not resolve host: channel
  % Total    % Received % Xferd  Average Speed   Time    Time     Time  Current
                                 Dload  Upload   Total   Spent    Left  Speed
  0     0    0     0    0     0      0      0 --:--:-- --:--:-- --:--:--     0curl: (6) Could not resolve host: 1,
  % Total    % Received % Xferd  Average Speed   Time    Time     Time  Current
                                 Dload  Upload   Total   Spent    Left  Speed
  0     0    0     0    0     0      0      0 --:--:-- --:--:-- --:--:--     0curl: (6) Could not resolve host: passwordStatus
  % Total    % Received % Xferd  Average Speed   Time    Time     Time  Current
                                 Dload  Upload   Total   Spent    Left  Speed
  0     0    0     0    0     0      0      0 --:--:-- --:--:-- --:--:--     0  0     0    0     0    0     0      0      0 --:--:--  0:00:01 --:--:--     0100    11    0    11    0     0      6      0 --:--:--  0:00:01 --:--:--     6
{ "ok": 0 }
